<?xml version='1.0' encoding='UTF-8'?>
<testsuite hostname="EPRUPETW0822" name="LoadHotelsSpec" tests="3" errors="0" failures="0" skipped="0" time="0.054" timestamp="2021-06-04T16:23:03">
                     <properties>
[...]
</properties>
                     <testcase classname="LoadHotelsSpec" name="Visit days should return dates range from checkin to checkout - 1" time="0.053">
                                                 
                                               </testcase><testcase classname="LoadHotelsSpec" name="Visit days should return empty list if checkin = checkout" time="0.0">
                                                 
                                               </testcase><testcase classname="LoadHotelsSpec" name="Visit days should return empty list if checkout &lt; checkin" time="0.001">
                                                 
                                               </testcase>
                     <system-out><![CDATA[]]></system-out>
                     <system-err><![CDATA[]]></system-err>
                   </testsuite>